0 info it worked if it ends with ok
1 verbose cli [ 'c:\\Program Files\\nodejs\\node.exe',
1 verbose cli   'c:\\Program Files\\nodejs\\node_modules\\npm\\bin\\npm-cli.js',
1 verbose cli   'install',
1 verbose cli   'ctest-0.0.4.tgz' ]
2 info using npm@1.4.14
3 info using node@v0.10.29
4 warn package.json ctest@0.0.1 No repository field.
5 verbose cache add [ 'ctest-0.0.4.tgz', null ]
6 verbose cache add name=undefined spec="ctest-0.0.4.tgz" args=["ctest-0.0.4.tgz",null]
7 verbose parsed url { protocol: null,
7 verbose parsed url   slashes: null,
7 verbose parsed url   auth: null,
7 verbose parsed url   host: null,
7 verbose parsed url   port: null,
7 verbose parsed url   hostname: null,
7 verbose parsed url   hash: null,
7 verbose parsed url   search: null,
7 verbose parsed url   query: null,
7 verbose parsed url   pathname: 'ctest-0.0.4.tgz',
7 verbose parsed url   path: 'ctest-0.0.4.tgz',
7 verbose parsed url   href: 'ctest-0.0.4.tgz' }
8 silly lockFile 380822f7-ctest-0-0-4-tgz ctest-0.0.4.tgz
9 verbose lock ctest-0.0.4.tgz C:\Users\poojap\AppData\Roaming\npm-cache\380822f7-ctest-0-0-4-tgz.lock
10 silly lockFile 380822f7-ctest-0-0-4-tgz ctest-0.0.4.tgz
11 silly lockFile 380822f7-ctest-0-0-4-tgz ctest-0.0.4.tgz
12 verbose addNamed [ 'ctest-0.0.4.tgz', '' ]
13 verbose addNamed [ null, '*' ]
14 silly lockFile e4425323-ctest-0-0-4-tgz ctest-0.0.4.tgz@
15 verbose lock ctest-0.0.4.tgz@ C:\Users\poojap\AppData\Roaming\npm-cache\e4425323-ctest-0-0-4-tgz.lock
16 silly addNameRange { name: 'ctest-0.0.4.tgz', range: '*', hasData: false }
17 verbose url raw ctest-0.0.4.tgz
18 verbose url resolving [ 'https://registry.npmjs.org/', './ctest-0.0.4.tgz' ]
19 verbose url resolved https://registry.npmjs.org/ctest-0.0.4.tgz
20 info trying registry request attempt 1 at 08:26:18
21 http GET https://registry.npmjs.org/ctest-0.0.4.tgz
22 http 404 https://registry.npmjs.org/ctest-0.0.4.tgz
23 verbose headers { date: 'Wed, 21 Jan 2015 02:56:17 GMT',
23 verbose headers   server: 'CouchDB/1.5.0 (Erlang OTP/R16B03)',
23 verbose headers   'content-type': 'application/json',
23 verbose headers   'cache-control': 'max-age=0',
23 verbose headers   'content-length': '52',
23 verbose headers   'accept-ranges': 'bytes',
23 verbose headers   via: '1.1 varnish',
23 verbose headers   age: '0',
23 verbose headers   'x-served-by': 'cache-sn89-SIN',
23 verbose headers   'x-cache': 'MISS',
23 verbose headers   'x-cache-hits': '0',
23 verbose headers   'x-timer': 'S1421808976.590289,VS0,VE822',
23 verbose headers   'keep-alive': 'timeout=10, max=50',
23 verbose headers   connection: 'Keep-Alive' }
24 silly registry.get cb [ 404,
24 silly registry.get   { date: 'Wed, 21 Jan 2015 02:56:17 GMT',
24 silly registry.get     server: 'CouchDB/1.5.0 (Erlang OTP/R16B03)',
24 silly registry.get     'content-type': 'application/json',
24 silly registry.get     'cache-control': 'max-age=0',
24 silly registry.get     'content-length': '52',
24 silly registry.get     'accept-ranges': 'bytes',
24 silly registry.get     via: '1.1 varnish',
24 silly registry.get     age: '0',
24 silly registry.get     'x-served-by': 'cache-sn89-SIN',
24 silly registry.get     'x-cache': 'MISS',
24 silly registry.get     'x-cache-hits': '0',
24 silly registry.get     'x-timer': 'S1421808976.590289,VS0,VE822',
24 silly registry.get     'keep-alive': 'timeout=10, max=50',
24 silly registry.get     connection: 'Keep-Alive' } ]
25 silly lockFile e4425323-ctest-0-0-4-tgz ctest-0.0.4.tgz@
26 silly lockFile e4425323-ctest-0-0-4-tgz ctest-0.0.4.tgz@
27 error 404 404 Not Found: ctest-0.0.4.tgz
27 error 404
27 error 404 'ctest-0.0.4.tgz' is not in the npm registry.
27 error 404 You should bug the author to publish it
27 error 404
27 error 404 Note that you can also install from a
27 error 404 tarball, folder, or http url, or git url.
28 error System Windows_NT 6.1.7601
29 error command "c:\\Program Files\\nodejs\\node.exe" "c:\\Program Files\\nodejs\\node_modules\\npm\\bin\\npm-cli.js" "install" "ctest-0.0.4.tgz"
30 error cwd d:\cWorkspace\arrayutil\ArrayUtil
31 error node -v v0.10.29
32 error npm -v 1.4.14
33 error code E404
34 verbose exit [ 1, true ]
